<?xml version="1.0" encoding="UTF-8"?>
<!-- Generated by org.testng.reporters.JUnitXMLReporter -->
<testsuite ignored="1" hostname="Abhi" failures="0" tests="1" name="Default test" time="17.337" errors="0" timestamp="2024-03-31T19:52:20 IST">
  <testcase classname="testCases.LoginTest" name="LoginWithValidCredentials" time="3.065"/>
  <testcase classname="testCases.LoginTest" name="LoginWithInvalidCredentials" time="0.0">
    <ignored/>
  </testcase> <!-- LoginWithInvalidCredentials -->
</testsuite> <!-- Default test -->
